Starting batch processing at Tue Nov 25 19:14:11 CST 2025
Tue Nov 25 19:15:33 CST 2025 - File: finchain/data/templates/accounting_and_financial_reporting/depreciation_and_amortization.py - Status: SUCCESS
Tue Nov 25 19:16:29 CST 2025 - File: finchain/data/templates/accounting_and_financial_reporting/balance_sheets.py - Status: SUCCESS
Tue Nov 25 19:17:25 CST 2025 - File: finchain/data/templates/accounting_and_financial_reporting/cash_flow_statements.py - Status: SUCCESS
Tue Nov 25 19:19:03 CST 2025 - File: finchain/data/templates/accounting_and_financial_reporting/income_statements.py - Status: SUCCESS
Tue Nov 25 19:20:01 CST 2025 - File: finchain/data/templates/fintech/robo_advisors.py - Status: SUCCESS
Tue Nov 25 19:21:33 CST 2025 - File: finchain/data/templates/fintech/digital_banking.py - Status: SUCCESS
Tue Nov 25 19:22:45 CST 2025 - File: finchain/data/templates/fintech/payment_technologies.py - Status: SUCCESS
Tue Nov 25 19:25:45 CST 2025 - File: finchain/data/templates/financial_ratios/levratio.py - Status: SUCCESS
Tue Nov 25 19:28:16 CST 2025 - File: finchain/data/templates/financial_ratios/liqratio.py - Status: SUCCESS
Tue Nov 25 19:30:30 CST 2025 - File: finchain/data/templates/financial_ratios/effratio.py - Status: SUCCESS
Tue Nov 25 19:32:34 CST 2025 - File: finchain/data/templates/financial_ratios/profitratio.py - Status: SUCCESS
Tue Nov 25 19:33:53 CST 2025 - File: finchain/data/templates/risk_management/risk_metrics.py - Status: SUCCESS
Tue Nov 25 19:35:04 CST 2025 - File: finchain/data/templates/risk_management/risk_appetite.py - Status: SUCCESS
Tue Nov 25 19:36:28 CST 2025 - File: finchain/data/templates/risk_management/regulatory_compliance.py - Status: SUCCESS
Tue Nov 25 19:37:39 CST 2025 - File: finchain/data/templates/risk_management/sensitivity_analysis.py - Status: SUCCESS
Tue Nov 25 19:39:56 CST 2025 - File: finchain/data/templates/risk_management/var.py - Status: SUCCESS
Tue Nov 25 19:40:47 CST 2025 - File: finchain/data/templates/risk_management/scenario_planning.py - Status: SUCCESS
Tue Nov 25 19:42:25 CST 2025 - File: finchain/data/templates/risk_management/stress_testing.py - Status: SUCCESS
Tue Nov 25 19:43:42 CST 2025 - File: finchain/data/templates/crypto_finance/regulations.py - Status: SUCCESS
Tue Nov 25 19:44:58 CST 2025 - File: finchain/data/templates/crypto_finance/transaction_analysis.py - Status: SUCCESS
Tue Nov 25 19:45:53 CST 2025 - File: finchain/data/templates/crypto_finance/global_events_impact.py - Status: SUCCESS
Tue Nov 25 19:47:18 CST 2025 - File: finchain/data/templates/crypto_finance/whale_detection.py - Status: SUCCESS
Tue Nov 25 19:48:08 CST 2025 - File: finchain/data/templates/crypto_finance/tokenomics.py - Status: SUCCESS
Tue Nov 25 19:49:31 CST 2025 - File: finchain/data/templates/crypto_finance/defi.py - Status: SUCCESS
Tue Nov 25 19:50:23 CST 2025 - File: finchain/data/templates/crypto_finance/sentiments.py - Status: SUCCESS
Tue Nov 25 19:50:23 CST 2025 - File: finchain/data/templates/investment_analysis/rar.py - Status: SKIPPED (Exists)
Tue Nov 25 19:50:23 CST 2025 - File: finchain/data/templates/investment_analysis/roi.py - Status: SKIPPED (Exists)
Tue Nov 25 19:50:23 CST 2025 - File: finchain/data/templates/investment_analysis/ci.py - Status: SKIPPED (Exists)
Tue Nov 25 19:50:23 CST 2025 - File: finchain/data/templates/investment_analysis/npv.py - Status: SKIPPED (Exists)
Tue Nov 25 19:50:23 CST 2025 - File: finchain/data/templates/investment_analysis/irr.py - Status: SKIPPED (Exists)
Tue Nov 25 19:51:47 CST 2025 - File: finchain/data/templates/sustainable_finance/carbon_credits.py - Status: SUCCESS
Tue Nov 25 19:52:44 CST 2025 - File: finchain/data/templates/sustainable_finance/social_impact_investing.py - Status: SUCCESS
Tue Nov 25 19:53:40 CST 2025 - File: finchain/data/templates/sustainable_finance/sustainability_reporting.py - Status: SUCCESS
Tue Nov 25 19:54:55 CST 2025 - File: finchain/data/templates/sustainable_finance/green_bonds.py - Status: SUCCESS
Tue Nov 25 19:55:52 CST 2025 - File: finchain/data/templates/sustainable_finance/esg_investing.py - Status: SUCCESS
Tue Nov 25 19:56:50 CST 2025 - File: finchain/data/templates/financial_markets/stock_market_analysis.py - Status: SUCCESS
Tue Nov 25 19:57:55 CST 2025 - File: finchain/data/templates/financial_markets/forex_trading.py - Status: SUCCESS
Tue Nov 25 19:59:00 CST 2025 - File: finchain/data/templates/financial_markets/option_pricing.py - Status: SUCCESS
Tue Nov 25 20:00:14 CST 2025 - File: finchain/data/templates/financial_markets/bond_pricing.py - Status: SUCCESS
Tue Nov 25 20:03:11 CST 2025 - File: finchain/data/templates/personal_finance/budgeting.py - Status: SUCCESS
Tue Nov 25 20:05:53 CST 2025 - File: finchain/data/templates/personal_finance/taxcalc.py - Status: SUCCESS
Tue Nov 25 20:09:27 CST 2025 - File: finchain/data/templates/personal_finance/loanrepay.py - Status: SUCCESS
Tue Nov 25 20:11:36 CST 2025 - File: finchain/data/templates/personal_finance/saveretire.py - Status: SUCCESS
Tue Nov 25 20:14:55 CST 2025 - File: finchain/data/templates/personal_finance/personalinvest.py - Status: SUCCESS
以上確定ok

Tue Nov 25 20:16:11 CST 2025 - File: finchain/data/templates/finance_regulation/basel.py - Status: SUCCESS
Tue Nov 25 20:16:15 CST 2025 - File: finchain/data/templates/finance_regulation/compliance.py - Status: SUCCESS
Tue Nov 25 20:16:19 CST 2025 - File: finchain/data/templates/finance_regulation/kyc.py - Status: SUCCESS
Tue Nov 25 20:16:24 CST 2025 - File: finchain/data/templates/finance_regulation/security.py - Status: SUCCESS
Tue Nov 25 20:16:28 CST 2025 - File: finchain/data/templates/finance_regulation/aml.py - Status: SUCCESS
Tue Nov 25 20:16:31 CST 2025 - File: finchain/data/templates/mergers_and_acquisitions/valuation_methods.py - Status: SUCCESS
Tue Nov 25 20:16:35 CST 2025 - File: finchain/data/templates/mergers_and_acquisitions/synergies_and_cost_savings.py - Status: SUCCESS
Tue Nov 25 20:16:38 CST 2025 - File: finchain/data/templates/mergers_and_acquisitions/due_diligence.py - Status: SUCCESS
Tue Nov 25 20:16:42 CST 2025 - File: finchain/data/templates/mergers_and_acquisitions/deal_structure.py - Status: SUCCESS
Tue Nov 25 20:16:45 CST 2025 - File: finchain/data/templates/mergers_and_acquisitions/post-merger_integration.py - Status: SUCCESS
Tue Nov 25 20:16:49 CST 2025 - File: finchain/data/templates/corporate_finance/capital_structure.py - Status: SUCCESS
Tue Nov 25 20:16:51 CST 2025 - File: finchain/data/templates/corporate_finance/misc.py - Status: FAILURE (Exit Code: 1)
Tue Nov 25 20:16:54 CST 2025 - File: finchain/data/templates/corporate_finance/eps.py - Status: SUCCESS
Tue Nov 25 20:16:58 CST 2025 - File: finchain/data/templates/corporate_finance/div_policies.py - Status: SUCCESS
Tue Nov 25 20:17:01 CST 2025 - File: finchain/data/templates/corporate_finance/wacc.py - Status: SUCCESS
