[2025-11-25 20:16:14] File: /Users/blackwingedkite/Desktop/verifiquant/finchain/data/templates/finance_regulation/compliance.py, Def: template_compliance_basic_fine_calculation
[2025-11-25 20:16:14] File: /Users/blackwingedkite/Desktop/verifiquant/finchain/data/templates/finance_regulation/compliance.py, Def: template_compliance_basic_risk_score
[2025-11-25 20:16:14] File: /Users/blackwingedkite/Desktop/verifiquant/finchain/data/templates/finance_regulation/compliance.py, Def: template_compliance_intermediate_delayed_compliance_fine
[2025-11-25 20:16:14] File: /Users/blackwingedkite/Desktop/verifiquant/finchain/data/templates/finance_regulation/compliance.py, Def: template_compliance_intermediate_regional_risk_weighted_score
[2025-11-25 20:16:14] File: /Users/blackwingedkite/Desktop/verifiquant/finchain/data/templates/finance_regulation/compliance.py, Def: template_compliance_advanced_composite_risk_rating
[2025-11-25 20:16:19] File: /Users/blackwingedkite/Desktop/verifiquant/finchain/data/templates/finance_regulation/kyc.py, Def: get_random_entities
[2025-11-25 20:16:19] File: /Users/blackwingedkite/Desktop/verifiquant/finchain/data/templates/finance_regulation/kyc.py, Def: template_kyc_basic_customer_type
[2025-11-25 20:16:19] File: /Users/blackwingedkite/Desktop/verifiquant/finchain/data/templates/finance_regulation/kyc.py, Def: template_kyc_basic_id_required
[2025-11-25 20:16:19] File: /Users/blackwingedkite/Desktop/verifiquant/finchain/data/templates/finance_regulation/kyc.py, Def: template_kyc_intermediate_risk_level_by_country
[2025-11-25 20:16:19] File: /Users/blackwingedkite/Desktop/verifiquant/finchain/data/templates/finance_regulation/kyc.py, Def: template_kyc_intermediate_source_of_funds_analysis
[2025-11-25 20:16:19] File: /Users/blackwingedkite/Desktop/verifiquant/finchain/data/templates/finance_regulation/kyc.py, Def: template_kyc_advanced_customer_risk_rating
[2025-11-25 20:16:23] File: /Users/blackwingedkite/Desktop/verifiquant/finchain/data/templates/finance_regulation/security.py, Def: random_entities
[2025-11-25 20:16:23] File: /Users/blackwingedkite/Desktop/verifiquant/finchain/data/templates/finance_regulation/security.py, Def: template_security_basic_disclosure_threshold
[2025-11-25 20:16:23] File: /Users/blackwingedkite/Desktop/verifiquant/finchain/data/templates/finance_regulation/security.py, Def: template_security_basic_insider_trading_gain
[2025-11-25 20:16:23] File: /Users/blackwingedkite/Desktop/verifiquant/finchain/data/templates/finance_regulation/security.py, Def: template_security_intermediate_reg_a_investment_limit
[2025-11-25 20:16:23] File: /Users/blackwingedkite/Desktop/verifiquant/finchain/data/templates/finance_regulation/security.py, Def: template_security_intermediate_multiple_reporting_thresholds
[2025-11-25 20:16:23] File: /Users/blackwingedkite/Desktop/verifiquant/finchain/data/templates/finance_regulation/security.py, Def: template_security_advanced_merger_announcement_timing
[2025-11-25 20:16:27] File: /Users/blackwingedkite/Desktop/verifiquant/finchain/data/templates/finance_regulation/aml.py, Def: template_aml_basic_threshold_violation
[2025-11-25 20:16:27] File: /Users/blackwingedkite/Desktop/verifiquant/finchain/data/templates/finance_regulation/aml.py, Def: template_aml_basic_structuring_detection
[2025-11-25 20:16:27] File: /Users/blackwingedkite/Desktop/verifiquant/finchain/data/templates/finance_regulation/aml.py, Def: template_aml_intermediate_beneficial_ownership_check
[2025-11-25 20:16:27] File: /Users/blackwingedkite/Desktop/verifiquant/finchain/data/templates/finance_regulation/aml.py, Def: template_aml_intermediate_multiple_entities_with_ownership
[2025-11-25 20:16:27] File: /Users/blackwingedkite/Desktop/verifiquant/finchain/data/templates/finance_regulation/aml.py, Def: template_aml_advanced_sar_decision_based_on_risk_score_and_flags
[2025-11-25 20:16:31] File: /Users/blackwingedkite/Desktop/verifiquant/finchain/data/templates/mergers_and_acquisitions/valuation_methods.py, Def: template_comparable_revenue_valuation
[2025-11-25 20:16:31] File: /Users/blackwingedkite/Desktop/verifiquant/finchain/data/templates/mergers_and_acquisitions/valuation_methods.py, Def: template_ebitda_multiple_valuation
[2025-11-25 20:16:31] File: /Users/blackwingedkite/Desktop/verifiquant/finchain/data/templates/mergers_and_acquisitions/valuation_methods.py, Def: template_comp_ebitda_multiple_with_net_debt
[2025-11-25 20:16:31] File: /Users/blackwingedkite/Desktop/verifiquant/finchain/data/templates/mergers_and_acquisitions/valuation_methods.py, Def: template_dcf_three_year_terminal_to_equity
[2025-11-25 20:16:31] File: /Users/blackwingedkite/Desktop/verifiquant/finchain/data/templates/mergers_and_acquisitions/valuation_methods.py, Def: template_dcf_3yr_gordon_to_equity
[2025-11-25 20:16:34] File: /Users/blackwingedkite/Desktop/verifiquant/finchain/data/templates/mergers_and_acquisitions/synergies_and_cost_savings.py, Def: template_synergy_basic_cost_reduction
[2025-11-25 20:16:34] File: /Users/blackwingedkite/Desktop/verifiquant/finchain/data/templates/mergers_and_acquisitions/synergies_and_cost_savings.py, Def: template_synergy_basic_fixed_savings
[2025-11-25 20:16:34] File: /Users/blackwingedkite/Desktop/verifiquant/finchain/data/templates/mergers_and_acquisitions/synergies_and_cost_savings.py, Def: template_synergy_complex_net_savings
[2025-11-25 20:16:34] File: /Users/blackwingedkite/Desktop/verifiquant/finchain/data/templates/mergers_and_acquisitions/synergies_and_cost_savings.py, Def: template_synergy_complex_multi_category
[2025-11-25 20:16:34] File: /Users/blackwingedkite/Desktop/verifiquant/finchain/data/templates/mergers_and_acquisitions/synergies_and_cost_savings.py, Def: template_synergy_complex_after_tax
[2025-11-25 20:16:38] File: /Users/blackwingedkite/Desktop/verifiquant/finchain/data/templates/mergers_and_acquisitions/due_diligence.py, Def: template_due_diligence_working_capital
[2025-11-25 20:16:38] File: /Users/blackwingedkite/Desktop/verifiquant/finchain/data/templates/mergers_and_acquisitions/due_diligence.py, Def: template_due_diligence_pe_valuation
[2025-11-25 20:16:38] File: /Users/blackwingedkite/Desktop/verifiquant/finchain/data/templates/mergers_and_acquisitions/due_diligence.py, Def: template_due_diligence_synergy_estimation
[2025-11-25 20:16:38] File: /Users/blackwingedkite/Desktop/verifiquant/finchain/data/templates/mergers_and_acquisitions/due_diligence.py, Def: template_due_diligence_after_tax_interest_cost
[2025-11-25 20:16:38] File: /Users/blackwingedkite/Desktop/verifiquant/finchain/data/templates/mergers_and_acquisitions/due_diligence.py, Def: template_due_diligence_dcf_valuation
[2025-11-25 20:16:42] File: /Users/blackwingedkite/Desktop/verifiquant/finchain/data/templates/mergers_and_acquisitions/deal_structure.py, Def: template_cash_payment_calculation
[2025-11-25 20:16:42] File: /Users/blackwingedkite/Desktop/verifiquant/finchain/data/templates/mergers_and_acquisitions/deal_structure.py, Def: template_stock_swap_calculation
[2025-11-25 20:16:42] File: /Users/blackwingedkite/Desktop/verifiquant/finchain/data/templates/mergers_and_acquisitions/deal_structure.py, Def: template_earnout_with_bonus_calculation
[2025-11-25 20:16:42] File: /Users/blackwingedkite/Desktop/verifiquant/finchain/data/templates/mergers_and_acquisitions/deal_structure.py, Def: template_leveraged_buyout_adjusted_shares_calculation
[2025-11-25 20:16:42] File: /Users/blackwingedkite/Desktop/verifiquant/finchain/data/templates/mergers_and_acquisitions/deal_structure.py, Def: template_control_premium_debt_earnout_calculation
[2025-11-25 20:16:45] File: /Users/blackwingedkite/Desktop/verifiquant/finchain/data/templates/mergers_and_acquisitions/post-merger_integration.py, Def: template_integration_synergy_calculation
[2025-11-25 20:16:45] File: /Users/blackwingedkite/Desktop/verifiquant/finchain/data/templates/mergers_and_acquisitions/post-merger_integration.py, Def: template_valuation_adjustment_after_integration
[2025-11-25 20:16:45] File: /Users/blackwingedkite/Desktop/verifiquant/finchain/data/templates/mergers_and_acquisitions/post-merger_integration.py, Def: template_integration_cost_reduction
[2025-11-25 20:16:45] File: /Users/blackwingedkite/Desktop/verifiquant/finchain/data/templates/mergers_and_acquisitions/post-merger_integration.py, Def: template_revenue_synergy_net_gain
[2025-11-25 20:16:45] File: /Users/blackwingedkite/Desktop/verifiquant/finchain/data/templates/mergers_and_acquisitions/post-merger_integration.py, Def: template_supply_chain_npv_net_benefit
[2025-11-25 20:16:48] File: /Users/blackwingedkite/Desktop/verifiquant/finchain/data/templates/corporate_finance/capital_structure.py, Def: fmt_money
[2025-11-25 20:16:48] File: /Users/blackwingedkite/Desktop/verifiquant/finchain/data/templates/corporate_finance/capital_structure.py, Def: template_debt_to_equity_aggregate_debt
[2025-11-25 20:16:48] File: /Users/blackwingedkite/Desktop/verifiquant/finchain/data/templates/corporate_finance/capital_structure.py, Def: template_debt_to_equity_after_buyback
[2025-11-25 20:16:48] File: /Users/blackwingedkite/Desktop/verifiquant/finchain/data/templates/corporate_finance/capital_structure.py, Def: template_debt_to_equity_after_asset_sale
[2025-11-25 20:16:48] File: /Users/blackwingedkite/Desktop/verifiquant/finchain/data/templates/corporate_finance/capital_structure.py, Def: template_debt_to_equity_bond_and_buyback
[2025-11-25 20:16:48] File: /Users/blackwingedkite/Desktop/verifiquant/finchain/data/templates/corporate_finance/capital_structure.py, Def: template_debt_to_equity_bond_repay_buyback
[2025-11-25 20:16:54] File: /Users/blackwingedkite/Desktop/verifiquant/finchain/data/templates/corporate_finance/eps.py, Def: template_eps_weighted_average
[2025-11-25 20:16:54] File: /Users/blackwingedkite/Desktop/verifiquant/finchain/data/templates/corporate_finance/eps.py, Def: template_eps_quarterly_pref_div
[2025-11-25 20:16:54] File: /Users/blackwingedkite/Desktop/verifiquant/finchain/data/templates/corporate_finance/eps.py, Def: template_eps_pref_div_weighted
[2025-11-25 20:16:54] File: /Users/blackwingedkite/Desktop/verifiquant/finchain/data/templates/corporate_finance/eps.py, Def: template_eps_quarterly_pref_buyback
[2025-11-25 20:16:54] File: /Users/blackwingedkite/Desktop/verifiquant/finchain/data/templates/corporate_finance/eps.py, Def: template_eps_pref_div_split_weighted
[2025-11-25 20:16:57] File: /Users/blackwingedkite/Desktop/verifiquant/finchain/data/templates/corporate_finance/div_policies.py, Def: template_dividend_target_payout_policy
[2025-11-25 20:16:57] File: /Users/blackwingedkite/Desktop/verifiquant/finchain/data/templates/corporate_finance/div_policies.py, Def: template_dividend_stable_growth_policy
[2025-11-25 20:16:57] File: /Users/blackwingedkite/Desktop/verifiquant/finchain/data/templates/corporate_finance/div_policies.py, Def: template_dividend_lintner_smoothing
[2025-11-25 20:16:57] File: /Users/blackwingedkite/Desktop/verifiquant/finchain/data/templates/corporate_finance/div_policies.py, Def: template_dividend_stock_plus_growth
[2025-11-25 20:16:57] File: /Users/blackwingedkite/Desktop/verifiquant/finchain/data/templates/corporate_finance/div_policies.py, Def: template_dividend_lintner_three_year_avg
[2025-11-25 20:17:01] File: /Users/blackwingedkite/Desktop/verifiquant/finchain/data/templates/corporate_finance/wacc.py, Def: template_easy_wacc
[2025-11-25 20:17:01] File: /Users/blackwingedkite/Desktop/verifiquant/finchain/data/templates/corporate_finance/wacc.py, Def: template_easy_capm_wacc
[2025-11-25 20:17:01] File: /Users/blackwingedkite/Desktop/verifiquant/finchain/data/templates/corporate_finance/wacc.py, Def: template_weighted_debt_wacc
[2025-11-25 20:17:01] File: /Users/blackwingedkite/Desktop/verifiquant/finchain/data/templates/corporate_finance/wacc.py, Def: template_pref_capm_wacc
[2025-11-25 20:17:01] File: /Users/blackwingedkite/Desktop/verifiquant/finchain/data/templates/corporate_finance/wacc.py, Def: template_inflation_adjusted_capm_wacc
