[fic-pipeline] article enrichment: rows=50 enriched=50 missing_titles=0
[fic-pipeline] skip-existing-core: existing_core=31, requested=50, remaining=19
[fic-pipeline] processing record 1 ...
[fic-pipeline] checkpoint saved (record=1, core=32, retrieval=32, repair=256)
[fic-pipeline] processing record 2 ...
[fic-pipeline] checkpoint saved (record=2, core=33, retrieval=33, repair=264)
[fic-pipeline] processing record 3 ...
[fic-pipeline] checkpoint saved (record=3, core=34, retrieval=34, repair=269)
[fic-pipeline] processing record 4 ...
[fic-pipeline] checkpoint saved (record=4, core=35, retrieval=35, repair=279)
[fic-pipeline] processing record 5 ...
[fic-pipeline] checkpoint saved (record=5, core=36, retrieval=36, repair=289)
[fic-pipeline] processing record 6 ...
[fic-pipeline] checkpoint saved (record=6, core=37, retrieval=37, repair=296)
[fic-pipeline] processing record 7 ...
[fic-pipeline] checkpoint saved (record=7, core=38, retrieval=38, repair=303)
[fic-pipeline] processing record 8 ...
[fic-pipeline] checkpoint saved (record=8, core=39, retrieval=39, repair=310)
[fic-pipeline] processing record 9 ...
[fic-pipeline] checkpoint saved (record=9, core=40, retrieval=40, repair=315)
[fic-pipeline] processing record 10 ...
[fic-pipeline] checkpoint saved (record=10, core=41, retrieval=41, repair=321)
[fic-pipeline] processing record 11 ...
[fic-pipeline] checkpoint saved (record=11, core=42, retrieval=42, repair=331)
[fic-pipeline] processing record 12 ...
[fic-pipeline] checkpoint saved (record=12, core=43, retrieval=43, repair=336)
[fic-pipeline] processing record 13 ...
[fic-pipeline] checkpoint saved (record=13, core=44, retrieval=44, repair=345)
[fic-pipeline] processing record 14 ...
[fic-pipeline] checkpoint saved (record=14, core=45, retrieval=45, repair=352)
[fic-pipeline] processing record 15 ...
[fic-pipeline] checkpoint saved (record=15, core=46, retrieval=46, repair=361)
[fic-pipeline] processing record 16 ...
[fic-pipeline] checkpoint saved (record=16, core=47, retrieval=47, repair=368)
[fic-pipeline] processing record 17 ...
[fic-pipeline] checkpoint saved (record=17, core=48, retrieval=48, repair=375)
[fic-pipeline] processing record 18 ...
[fic-pipeline] checkpoint saved (record=18, core=49, retrieval=49, repair=381)
[fic-pipeline] processing record 19 ...
[fic-pipeline] checkpoint saved (record=19, core=50, retrieval=50, repair=388)
Wrote 50 core cards to verifiquant/data/runs/paper_v1/fic/core.jsonl
Wrote 50 retrieval cards to verifiquant/data/runs/paper_v1/fic/retrieval.jsonl
Wrote 388 repair rules to verifiquant/data/runs/paper_v1/fic/repair.jsonl
[fic-pipeline] execution smoke failed on 6 core card(s).
[fic-pipeline] validation failed but files were saved due to --on-validation-error save
Artifact relation validation failed:
- global repair fic_article_2145/global_i_semantic_ambiguity must use diagnostic_type N or I, got I_HARD
